<?xml version="1.0" encoding="UTF-8"?>
<!-- Generated by org.testng.reporters.JUnitXMLReporter -->
<testsuite hostname="DESKTOP-SMAT8QD" name="Default test" tests="6" failures="0" timestamp="28 Oct 2019 10:55:48 GMT" time="37.939" errors="0">
  <testcase name="verifySuccessfullLaunchOfApp" time="0.289" classname="appiumautomation.tests.FunctionalTests"/>
  <testcase name="verifyNavigationToTipSettingsPage" time="2.196" classname="appiumautomation.tests.FunctionalTests"/>
  <testcase name="setTipPercentageInSettingsPage" time="2.928" classname="appiumautomation.tests.FunctionalTests"/>
  <testcase name="totalBillAmountWithTip" time="2.464" classname="appiumautomation.tests.FunctionalTests"/>
  <testcase name="totalBillAmountWithTip" time="2.381" classname="appiumautomation.tests.FunctionalTests"/>
  <testcase name="totalBillAmountWithTip" time="2.35" classname="appiumautomation.tests.FunctionalTests"/>
</testsuite> <!-- Default test -->
